<?xml version="1.0" encoding="UTF-8"?>
<!-- Generated by org.testng.reporters.JUnitReportReporter -->
<testsuite skipped="0" hostname="User-PC" name="login.loginTest" tests="1" failures="0" timestamp="06 Mar 2018 10:06:16 GMT" time="18.991" errors="0">
  <testcase name="g" time="18.991" classname="login.loginTest"/>
</testsuite> <!-- login.loginTest -->
