<?xml version="1.0" encoding="UTF-8"?>
<!-- Generated by org.testng.reporters.JUnitReportReporter -->
<testsuite skipped="0" hostname="User-PC" name="login.DashboardTest" tests="3" failures="0" timestamp="05 Mar 2018 13:26:40 GMT" time="14.962" errors="0">
  <testcase name="f" time="6.779" classname="login.DashboardTest"/>
  <testcase name="a" time="7.538" classname="login.DashboardTest"/>
  <testcase name="b" time="0.645" classname="login.DashboardTest"/>
</testsuite> <!-- login.DashboardTest -->
