<?xml version="1.0" encoding="UTF-8"?>
<!-- Generated by org.testng.reporters.JUnitReportReporter -->
<testsuite skipped="0" hostname="User-PC" name="login.AddTest" tests="4" failures="0" timestamp="05 Mar 2018 14:06:11 GMT" time="30.805" errors="0">
  <testcase name="f" time="12.138" classname="login.AddTest"/>
  <testcase name="a" time="7.757" classname="login.AddTest"/>
  <testcase name="b" time="0.656" classname="login.AddTest"/>
  <testcase name="fe" time="10.254" classname="login.AddTest"/>
</testsuite> <!-- login.AddTest -->
