<?xml version="1.0" encoding="UTF-8"?>
<!-- Generated by org.testng.reporters.JUnitReportReporter -->
<testsuite skipped="0" hostname="User-PC" name="login.NewTest" tests="1" failures="0" timestamp="05 Mar 2018 11:19:34 GMT" time="14.405" errors="0">
  <testcase name="f" time="14.405" classname="login.NewTest"/>
</testsuite> <!-- login.NewTest -->
