<?xml version="1.0" encoding="UTF-8"?>
<!-- Generated by org.testng.reporters.JUnitReportReporter -->
<testsuite skipped="0" hostname="User-PC" name="login.login" tests="1" failures="0" timestamp="26 Feb 2018 11:54:34 GMT" time="12.689" errors="0">
  <testcase name="f" time="12.689" classname="login.login"/>
</testsuite> <!-- login.login -->
