<?xml version="1.0" encoding="UTF-8"?>
<!-- Generated by org.testng.reporters.JUnitReportReporter -->
<testsuite skipped="0" hostname="User-PC" name="login.loginTest" tests="1" failures="0" timestamp="26 Feb 2018 14:33:53 GMT" time="13.736" errors="0">
  <testcase name="f" time="13.736" classname="login.loginTest"/>
</testsuite> <!-- login.loginTest -->
