<?xml version="1.0" encoding="UTF-8"?>
<!-- Generated by org.testng.reporters.JUnitReportReporter -->
<testsuite skipped="0" hostname="User-PC" name="login.MouseTest" tests="2" failures="0" timestamp="05 Mar 2018 12:41:52 GMT" time="16.961" errors="0">
  <testcase name="f" time="12.912" classname="login.MouseTest"/>
  <testcase name="gd" time="4.049" classname="login.MouseTest"/>
</testsuite> <!-- login.MouseTest -->
